[debug] [2022-03-11T14:16:27.795Z] ----------------------------------------------------------------------
[debug] [2022-03-11T14:16:27.796Z] Command:       C:\Program Files\nodejs\node.exe C:\Users\Gastón\AppData\Roaming\npm\node_modules\firebase-tools\lib\bin\firebase.js init
[debug] [2022-03-11T14:16:27.797Z] CLI Version:   10.2.2
[debug] [2022-03-11T14:16:27.797Z] Platform:      win32
[debug] [2022-03-11T14:16:27.797Z] Node Version:  v14.15.5
[debug] [2022-03-11T14:16:27.799Z] Time:          Fri Mar 11 2022 11:16:27 GMT-0300 (hora estándar de Argentina)
[debug] [2022-03-11T14:16:27.799Z] ----------------------------------------------------------------------
[debug] 
[debug] [2022-03-11T14:16:27.806Z] > command requires scopes: ["email","openid","https://www.googleapis.com/auth/cloudplatformprojects.readonly","https://www.googleapis.com/auth/firebase","https://www.googleapis.com/auth/cloud-platform"]
[debug] [2022-03-11T14:16:27.806Z] > authorizing via signed-in user (gaston.diazazar94@gmail.com)
[info] 
     ######## #### ########  ######## ########     ###     ######  ########
     ##        ##  ##     ## ##       ##     ##  ##   ##  ##       ##
     ######    ##  ########  ######   ########  #########  ######  ######
     ##        ##  ##    ##  ##       ##     ## ##     ##       ## ##
     ##       #### ##     ## ######## ########  ##     ##  ######  ########

You're about to initialize a Firebase project in this directory:

  C:\Users\Gastón\Desktop\PROGRAMACION\JS\Calculadora

[info] 
=== Project Setup
[info] 
[info] First, let's associate this project directory with a Firebase project.
[info] You can create multiple project aliases by running firebase use --add, 
[info] but for now we'll just set up a default project.
[info] 
[debug] [2022-03-11T14:16:37.074Z] > refreshing access token with scopes: []
[debug] [2022-03-11T14:16:37.074Z] >>> HTTP REQUEST POST https://www.googleapis.com/oauth2/v3/token  
 <request body omitted>
[debug] [2022-03-11T14:16:37.220Z] <<< HTTP RESPONSE 400 {"date":"Fri, 11 Mar 2022 14:16:37 GMT","expires":"Mon, 01 Jan 1990 00:00:00 GMT","cache-control":"no-cache, no-store, max-age=0, must-revalidate","pragma":"no-cache","content-type":"application/json; charset=utf-8","vary":"X-Origin, Referer, Origin,Accept-Encoding","server":"scaffolding on HTTPServer2","x-xss-protection":"0","x-frame-options":"SAMEORIGIN","x-content-type-options":"nosniff","alt-svc":"h3=\":443\"; ma=2592000,h3-29=\":443\"; ma=2592000,h3-Q050=\":443\"; ma=2592000,h3-Q046=\":443\"; ma=2592000,h3-Q043=\":443\"; ma=2592000,quic=\":443\"; ma=2592000; v=\"46,43\"","accept-ranges":"none","transfer-encoding":"chunked"}
[debug] [2022-03-11T14:16:37.223Z] >>> [apiv2][query] GET https://firebase.googleapis.com/v1beta1/projects pageSize=100
[debug] [2022-03-11T14:16:37.532Z] <<< [apiv2][status] GET https://firebase.googleapis.com/v1beta1/projects 401
[debug] [2022-03-11T14:16:37.532Z] <<< [apiv2][body] GET https://firebase.googleapis.com/v1beta1/projects [omitted]
[debug] [2022-03-11T14:16:37.532Z] HTTP Error: 401, Request had invalid authentication credentials. Expected OAuth 2 access token, login cookie or other valid authentication credential. See https://developers.google.com/identity/sign-in/web/devconsole-project.
[debug] [2022-03-11T14:16:37.534Z] FirebaseError: HTTP Error: 401, Request had invalid authentication credentials. Expected OAuth 2 access token, login cookie or other valid authentication credential. See https://developers.google.com/identity/sign-in/web/devconsole-project.
    at module.exports (C:\Users\Gastón\AppData\Roaming\npm\node_modules\firebase-tools\lib\responseToError.js:47:12)
    at RetryOperation._fn (C:\Users\Gastón\AppData\Roaming\npm\node_modules\firebase-tools\lib\apiv2.js:286:39)
    at processTicksAndRejections (internal/process/task_queues.js:93:5)
[error] 
[error] Error: Failed to list Firebase projects. See firebase-debug.log for more info.
